{"C:\\Users\\Sergei\\Desktop\\react-rs-3\\rs-school-react\\src\\App.tsx": {"path":"C:\\Users\\Sergei\\Desktop\\react-rs-3\\rs-school-react\\src\\App.tsx","all":false,"statementMap":{"0":{"start":{"line":1,"column":0},"end":{"line":1,"column":59}},"1":{"start":{"line":2,"column":0},"end":{"line":2,"column":51}},"2":{"start":{"line":3,"column":0},"end":{"line":3,"column":19}},"4":{"start":{"line":5,"column":0},"end":{"line":5,"column":16}},"5":{"start":{"line":6,"column":0},"end":{"line":6,"column":10}},"6":{"start":{"line":7,"column":0},"end":{"line":7,"column":12}},"7":{"start":{"line":8,"column":0},"end":{"line":8,"column":19}},"8":{"start":{"line":9,"column":0},"end":{"line":9,"column":13}},"10":{"start":{"line":11,"column":0},"end":{"line":11,"column":1}},"12":{"start":{"line":13,"column":0},"end":{"line":13,"column":19}}},"s":{"0":1,"1":1,"2":1,"4":2,"5":2,"6":2,"7":2,"8":2,"10":2,"12":1},"branchMap":{"0":{"type":"branch","line":5,"loc":{"start":{"line":5,"column":0},"end":{"line":11,"column":1}},"locations":[{"start":{"line":5,"column":0},"end":{"line":11,"column":1}}]}},"b":{"0":[2]},"fnMap":{"0":{"name":"App","decl":{"start":{"line":5,"column":0},"end":{"line":11,"column":1}},"loc":{"start":{"line":5,"column":0},"end":{"line":11,"column":1}},"line":5}},"f":{"0":2}}
,"C:\\Users\\Sergei\\Desktop\\react-rs-3\\rs-school-react\\src\\main.tsx": {"path":"C:\\Users\\Sergei\\Desktop\\react-rs-3\\rs-school-react\\src\\main.tsx","all":true,"statementMap":{"0":{"start":{"line":1,"column":0},"end":{"line":1,"column":26}},"1":{"start":{"line":2,"column":0},"end":{"line":2,"column":40}},"2":{"start":{"line":3,"column":0},"end":{"line":3,"column":28}},"3":{"start":{"line":4,"column":0},"end":{"line":4,"column":21}},"5":{"start":{"line":6,"column":0},"end":{"line":6,"column":61}},"6":{"start":{"line":7,"column":0},"end":{"line":7,"column":20}},"7":{"start":{"line":8,"column":0},"end":{"line":8,"column":11}},"8":{"start":{"line":9,"column":0},"end":{"line":9,"column":22}},"9":{"start":{"line":10,"column":0},"end":{"line":10,"column":2}}},"s":{"0":0,"1":0,"2":0,"3":0,"5":0,"6":0,"7":0,"8":0,"9":0},"branchMap":{"0":{"type":"branch","line":1,"loc":{"start":{"line":1,"column":240},"end":{"line":10,"column":2}},"locations":[{"start":{"line":1,"column":240},"end":{"line":10,"column":2}}]}},"b":{"0":[0]},"fnMap":{"0":{"name":"(empty-report)","decl":{"start":{"line":1,"column":240},"end":{"line":10,"column":2}},"loc":{"start":{"line":1,"column":240},"end":{"line":10,"column":2}},"line":1}},"f":{"0":0}}
,"C:\\Users\\Sergei\\Desktop\\react-rs-3\\rs-school-react\\src\\components\\AppRouter.tsx": {"path":"C:\\Users\\Sergei\\Desktop\\react-rs-3\\rs-school-react\\src\\components\\AppRouter.tsx","all":false,"statementMap":{"0":{"start":{"line":1,"column":0},"end":{"line":1,"column":63}},"1":{"start":{"line":2,"column":0},"end":{"line":2,"column":49}},"2":{"start":{"line":3,"column":0},"end":{"line":3,"column":57}},"3":{"start":{"line":4,"column":0},"end":{"line":4,"column":46}},"4":{"start":{"line":5,"column":0},"end":{"line":5,"column":55}},"5":{"start":{"line":6,"column":0},"end":{"line":6,"column":54}},"7":{"start":{"line":8,"column":0},"end":{"line":8,"column":22}},"8":{"start":{"line":9,"column":0},"end":{"line":9,"column":10}},"9":{"start":{"line":10,"column":0},"end":{"line":10,"column":19}},"10":{"start":{"line":11,"column":0},"end":{"line":11,"column":14}},"11":{"start":{"line":12,"column":0},"end":{"line":12,"column":60}},"12":{"start":{"line":13,"column":0},"end":{"line":13,"column":66}},"13":{"start":{"line":14,"column":0},"end":{"line":14,"column":16}},"14":{"start":{"line":15,"column":0},"end":{"line":15,"column":70}},"15":{"start":{"line":16,"column":0},"end":{"line":16,"column":15}},"16":{"start":{"line":17,"column":0},"end":{"line":17,"column":20}},"18":{"start":{"line":19,"column":0},"end":{"line":19,"column":1}},"20":{"start":{"line":21,"column":0},"end":{"line":21,"column":25}}},"s":{"0":1,"1":1,"2":1,"3":1,"4":1,"5":1,"7":2,"8":2,"9":2,"10":2,"11":2,"12":2,"13":2,"14":2,"15":2,"16":2,"18":2,"20":1},"branchMap":{"0":{"type":"branch","line":8,"loc":{"start":{"line":8,"column":0},"end":{"line":19,"column":1}},"locations":[{"start":{"line":8,"column":0},"end":{"line":19,"column":1}}]}},"b":{"0":[2]},"fnMap":{"0":{"name":"AppRouter","decl":{"start":{"line":8,"column":0},"end":{"line":19,"column":1}},"loc":{"start":{"line":8,"column":0},"end":{"line":19,"column":1}},"line":8}},"f":{"0":2}}
,"C:\\Users\\Sergei\\Desktop\\react-rs-3\\rs-school-react\\src\\components\\error-boundary\\ErrorBoundary.tsx": {"path":"C:\\Users\\Sergei\\Desktop\\react-rs-3\\rs-school-react\\src\\components\\error-boundary\\ErrorBoundary.tsx","all":false,"statementMap":{"0":{"start":{"line":1,"column":0},"end":{"line":1,"column":56}},"1":{"start":{"line":2,"column":0},"end":{"line":2,"column":48}},"7":{"start":{"line":8,"column":0},"end":{"line":8,"column":59}},"8":{"start":{"line":9,"column":0},"end":{"line":9,"column":30}},"10":{"start":{"line":11,"column":0},"end":{"line":11,"column":37}},"11":{"start":{"line":12,"column":0},"end":{"line":12,"column":30}},"12":{"start":{"line":13,"column":0},"end":{"line":13,"column":3}},"14":{"start":{"line":15,"column":0},"end":{"line":15,"column":58}},"15":{"start":{"line":16,"column":0},"end":{"line":16,"column":62}},"16":{"start":{"line":17,"column":0},"end":{"line":17,"column":3}},"18":{"start":{"line":19,"column":0},"end":{"line":19,"column":12}},"19":{"start":{"line":20,"column":0},"end":{"line":20,"column":30}},"20":{"start":{"line":21,"column":0},"end":{"line":21,"column":69}},"21":{"start":{"line":22,"column":0},"end":{"line":22,"column":5}},"23":{"start":{"line":24,"column":0},"end":{"line":24,"column":31}},"24":{"start":{"line":25,"column":0},"end":{"line":25,"column":3}},"25":{"start":{"line":26,"column":0},"end":{"line":26,"column":1}},"27":{"start":{"line":28,"column":0},"end":{"line":28,"column":29}}},"s":{"0":1,"1":1,"7":8,"8":8,"10":1,"11":3,"12":3,"14":1,"15":2,"16":2,"18":1,"19":9,"20":3,"21":3,"23":6,"24":9,"25":1,"27":1},"branchMap":{"0":{"type":"branch","line":8,"loc":{"start":{"line":8,"column":0},"end":{"line":9,"column":30}},"locations":[{"start":{"line":8,"column":0},"end":{"line":9,"column":30}}]},"1":{"type":"branch","line":11,"loc":{"start":{"line":11,"column":9},"end":{"line":13,"column":3}},"locations":[{"start":{"line":11,"column":9},"end":{"line":13,"column":3}}]},"2":{"type":"branch","line":15,"loc":{"start":{"line":15,"column":2},"end":{"line":17,"column":3}},"locations":[{"start":{"line":15,"column":2},"end":{"line":17,"column":3}}]},"3":{"type":"branch","line":19,"loc":{"start":{"line":19,"column":2},"end":{"line":25,"column":3}},"locations":[{"start":{"line":19,"column":2},"end":{"line":25,"column":3}}]},"4":{"type":"branch","line":20,"loc":{"start":{"line":20,"column":29},"end":{"line":24,"column":31}},"locations":[{"start":{"line":20,"column":29},"end":{"line":24,"column":31}}]},"5":{"type":"branch","line":20,"loc":{"start":{"line":20,"column":29},"end":{"line":22,"column":5}},"locations":[{"start":{"line":20,"column":29},"end":{"line":22,"column":5}}]},"6":{"type":"branch","line":22,"loc":{"start":{"line":22,"column":4},"end":{"line":24,"column":31}},"locations":[{"start":{"line":22,"column":4},"end":{"line":24,"column":31}}]}},"b":{"0":[8],"1":[3],"2":[2],"3":[9],"4":[8],"5":[3],"6":[6]},"fnMap":{"0":{"name":"ErrorBoundary","decl":{"start":{"line":8,"column":0},"end":{"line":9,"column":30}},"loc":{"start":{"line":8,"column":0},"end":{"line":9,"column":30}},"line":8},"1":{"name":"getDerivedStateFromError","decl":{"start":{"line":11,"column":9},"end":{"line":13,"column":3}},"loc":{"start":{"line":11,"column":9},"end":{"line":13,"column":3}},"line":11},"2":{"name":"componentDidCatch","decl":{"start":{"line":15,"column":2},"end":{"line":17,"column":3}},"loc":{"start":{"line":15,"column":2},"end":{"line":17,"column":3}},"line":15},"3":{"name":"render","decl":{"start":{"line":19,"column":2},"end":{"line":25,"column":3}},"loc":{"start":{"line":19,"column":2},"end":{"line":25,"column":3}},"line":19}},"f":{"0":8,"1":3,"2":2,"3":9}}
,"C:\\Users\\Sergei\\Desktop\\react-rs-3\\rs-school-react\\src\\components\\error-throwing\\ErrorThrowing.tsx": {"path":"C:\\Users\\Sergei\\Desktop\\react-rs-3\\rs-school-react\\src\\components\\error-throwing\\ErrorThrowing.tsx","all":false,"statementMap":{"0":{"start":{"line":1,"column":0},"end":{"line":1,"column":44}},"2":{"start":{"line":3,"column":0},"end":{"line":3,"column":26}},"3":{"start":{"line":4,"column":0},"end":{"line":4,"column":56}},"5":{"start":{"line":6,"column":0},"end":{"line":6,"column":19}},"6":{"start":{"line":7,"column":0},"end":{"line":7,"column":22}},"7":{"start":{"line":8,"column":0},"end":{"line":8,"column":48}},"8":{"start":{"line":9,"column":0},"end":{"line":9,"column":5}},"9":{"start":{"line":10,"column":0},"end":{"line":10,"column":5}},"11":{"start":{"line":12,"column":0},"end":{"line":12,"column":10}},"12":{"start":{"line":13,"column":0},"end":{"line":13,"column":11}},"13":{"start":{"line":14,"column":0},"end":{"line":14,"column":22}},"14":{"start":{"line":15,"column":0},"end":{"line":15,"column":29}},"15":{"start":{"line":16,"column":0},"end":{"line":16,"column":8}},"16":{"start":{"line":17,"column":0},"end":{"line":17,"column":5}},"18":{"start":{"line":19,"column":0},"end":{"line":19,"column":13}},"20":{"start":{"line":21,"column":0},"end":{"line":21,"column":1}},"22":{"start":{"line":23,"column":0},"end":{"line":23,"column":29}}},"s":{"0":1,"2":10,"3":10,"5":10,"6":9,"7":1,"8":1,"9":10,"11":10,"12":10,"13":10,"14":1,"15":1,"16":10,"18":10,"20":10,"22":1},"branchMap":{"0":{"type":"branch","line":3,"loc":{"start":{"line":3,"column":0},"end":{"line":21,"column":1}},"locations":[{"start":{"line":3,"column":0},"end":{"line":21,"column":1}}]},"1":{"type":"branch","line":6,"loc":{"start":{"line":6,"column":12},"end":{"line":10,"column":3}},"locations":[{"start":{"line":6,"column":12},"end":{"line":10,"column":3}}]},"2":{"type":"branch","line":7,"loc":{"start":{"line":7,"column":21},"end":{"line":9,"column":5}},"locations":[{"start":{"line":7,"column":21},"end":{"line":9,"column":5}}]},"3":{"type":"branch","line":14,"loc":{"start":{"line":14,"column":15},"end":{"line":16,"column":8}},"locations":[{"start":{"line":14,"column":15},"end":{"line":16,"column":8}}]}},"b":{"0":[10],"1":[9],"2":[1],"3":[1]},"fnMap":{"0":{"name":"ErrorThrowing","decl":{"start":{"line":3,"column":0},"end":{"line":21,"column":1}},"loc":{"start":{"line":3,"column":0},"end":{"line":21,"column":1}},"line":3},"1":{"name":"onClick","decl":{"start":{"line":14,"column":15},"end":{"line":16,"column":8}},"loc":{"start":{"line":14,"column":15},"end":{"line":16,"column":8}},"line":14}},"f":{"0":10,"1":1}}
,"C:\\Users\\Sergei\\Desktop\\react-rs-3\\rs-school-react\\src\\components\\loader\\Loader.tsx": {"path":"C:\\Users\\Sergei\\Desktop\\react-rs-3\\rs-school-react\\src\\components\\loader\\Loader.tsx","all":false,"statementMap":{"0":{"start":{"line":1,"column":0},"end":{"line":1,"column":41}},"2":{"start":{"line":3,"column":0},"end":{"line":3,"column":19}},"3":{"start":{"line":4,"column":0},"end":{"line":4,"column":68}},"4":{"start":{"line":5,"column":0},"end":{"line":5,"column":1}},"6":{"start":{"line":7,"column":0},"end":{"line":7,"column":22}}},"s":{"0":1,"2":8,"3":8,"4":8,"6":1},"branchMap":{"0":{"type":"branch","line":3,"loc":{"start":{"line":3,"column":0},"end":{"line":5,"column":1}},"locations":[{"start":{"line":3,"column":0},"end":{"line":5,"column":1}}]}},"b":{"0":[8]},"fnMap":{"0":{"name":"Loader","decl":{"start":{"line":3,"column":0},"end":{"line":5,"column":1}},"loc":{"start":{"line":3,"column":0},"end":{"line":5,"column":1}},"line":3}},"f":{"0":8}}
,"C:\\Users\\Sergei\\Desktop\\react-rs-3\\rs-school-react\\src\\components\\pagination\\Pagination.tsx": {"path":"C:\\Users\\Sergei\\Desktop\\react-rs-3\\rs-school-react\\src\\components\\pagination\\Pagination.tsx","all":false,"statementMap":{"0":{"start":{"line":1,"column":0},"end":{"line":1,"column":40}},"1":{"start":{"line":2,"column":0},"end":{"line":2,"column":45}},"2":{"start":{"line":3,"column":0},"end":{"line":3,"column":50}},"11":{"start":{"line":12,"column":0},"end":{"line":12,"column":21}},"12":{"start":{"line":13,"column":0},"end":{"line":13,"column":13}},"13":{"start":{"line":14,"column":0},"end":{"line":14,"column":15}},"14":{"start":{"line":15,"column":0},"end":{"line":15,"column":14}},"15":{"start":{"line":16,"column":0},"end":{"line":16,"column":15}},"16":{"start":{"line":17,"column":0},"end":{"line":17,"column":14}},"17":{"start":{"line":18,"column":0},"end":{"line":18,"column":58}},"19":{"start":{"line":20,"column":0},"end":{"line":20,"column":46}},"20":{"start":{"line":21,"column":0},"end":{"line":21,"column":23}},"21":{"start":{"line":22,"column":0},"end":{"line":22,"column":4}},"23":{"start":{"line":24,"column":0},"end":{"line":24,"column":10}},"24":{"start":{"line":25,"column":0},"end":{"line":25,"column":36}},"25":{"start":{"line":26,"column":0},"end":{"line":26,"column":57}},"26":{"start":{"line":27,"column":0},"end":{"line":27,"column":13}},"27":{"start":{"line":28,"column":0},"end":{"line":28,"column":21}},"28":{"start":{"line":29,"column":0},"end":{"line":29,"column":53}},"29":{"start":{"line":30,"column":0},"end":{"line":30,"column":95}},"30":{"start":{"line":31,"column":0},"end":{"line":31,"column":44}},"32":{"start":{"line":33,"column":0},"end":{"line":33,"column":21}},"33":{"start":{"line":34,"column":0},"end":{"line":34,"column":15}},"34":{"start":{"line":35,"column":0},"end":{"line":35,"column":9}},"35":{"start":{"line":36,"column":0},"end":{"line":36,"column":10}},"37":{"start":{"line":38,"column":0},"end":{"line":38,"column":2}},"39":{"start":{"line":40,"column":0},"end":{"line":40,"column":26}}},"s":{"0":1,"1":1,"2":1,"11":1,"12":6,"13":6,"14":6,"15":6,"16":6,"17":6,"19":6,"20":2,"21":2,"23":6,"24":6,"25":6,"26":42,"27":42,"28":42,"29":42,"30":42,"32":42,"33":42,"34":6,"35":6,"37":6,"39":1},"branchMap":{"0":{"type":"branch","line":12,"loc":{"start":{"line":12,"column":19},"end":{"line":38,"column":2}},"locations":[{"start":{"line":12,"column":19},"end":{"line":38,"column":2}}]},"1":{"type":"branch","line":20,"loc":{"start":{"line":20,"column":27},"end":{"line":22,"column":4}},"locations":[{"start":{"line":20,"column":27},"end":{"line":22,"column":4}}]},"2":{"type":"branch","line":26,"loc":{"start":{"line":26,"column":42},"end":{"line":34,"column":15}},"locations":[{"start":{"line":26,"column":42},"end":{"line":34,"column":15}}]},"3":{"type":"branch","line":30,"loc":{"start":{"line":30,"column":52},"end":{"line":30,"column":90}},"locations":[{"start":{"line":30,"column":52},"end":{"line":30,"column":90}}]},"4":{"type":"branch","line":30,"loc":{"start":{"line":30,"column":79},"end":{"line":30,"column":92}},"locations":[{"start":{"line":30,"column":79},"end":{"line":30,"column":92}}]},"5":{"type":"branch","line":29,"loc":{"start":{"line":29,"column":19},"end":{"line":29,"column":53}},"locations":[{"start":{"line":29,"column":19},"end":{"line":29,"column":53}}]}},"b":{"0":[6],"1":[2],"2":[42],"3":[6],"4":[36],"5":[2]},"fnMap":{"0":{"name":"Pagination","decl":{"start":{"line":12,"column":19},"end":{"line":38,"column":2}},"loc":{"start":{"line":12,"column":19},"end":{"line":38,"column":2}},"line":12},"1":{"name":"handlePageChange","decl":{"start":{"line":20,"column":27},"end":{"line":22,"column":4}},"loc":{"start":{"line":20,"column":27},"end":{"line":22,"column":4}},"line":20},"2":{"name":"onClick","decl":{"start":{"line":29,"column":19},"end":{"line":29,"column":53}},"loc":{"start":{"line":29,"column":19},"end":{"line":29,"column":53}},"line":29}},"f":{"0":6,"1":2,"2":2}}
,"C:\\Users\\Sergei\\Desktop\\react-rs-3\\rs-school-react\\src\\components\\people-card\\PeopleCard.tsx": {"path":"C:\\Users\\Sergei\\Desktop\\react-rs-3\\rs-school-react\\src\\components\\people-card\\PeopleCard.tsx","all":false,"statementMap":{"0":{"start":{"line":1,"column":0},"end":{"line":1,"column":44}},"1":{"start":{"line":2,"column":0},"end":{"line":2,"column":74}},"2":{"start":{"line":3,"column":0},"end":{"line":3,"column":42}},"3":{"start":{"line":4,"column":0},"end":{"line":4,"column":45}},"4":{"start":{"line":5,"column":0},"end":{"line":5,"column":47}},"6":{"start":{"line":7,"column":0},"end":{"line":7,"column":23}},"7":{"start":{"line":8,"column":0},"end":{"line":8,"column":76}},"8":{"start":{"line":9,"column":0},"end":{"line":9,"column":33}},"9":{"start":{"line":10,"column":0},"end":{"line":10,"column":60}},"10":{"start":{"line":11,"column":0},"end":{"line":11,"column":50}},"12":{"start":{"line":13,"column":0},"end":{"line":13,"column":19}},"13":{"start":{"line":14,"column":0},"end":{"line":14,"column":36}},"14":{"start":{"line":15,"column":0},"end":{"line":15,"column":28}},"15":{"start":{"line":16,"column":0},"end":{"line":16,"column":64}},"16":{"start":{"line":17,"column":0},"end":{"line":17,"column":66}},"17":{"start":{"line":18,"column":0},"end":{"line":18,"column":42}},"18":{"start":{"line":19,"column":0},"end":{"line":19,"column":6}},"19":{"start":{"line":20,"column":0},"end":{"line":20,"column":17}},"20":{"start":{"line":21,"column":0},"end":{"line":21,"column":17}},"22":{"start":{"line":23,"column":0},"end":{"line":23,"column":29}},"23":{"start":{"line":24,"column":0},"end":{"line":24,"column":38}},"24":{"start":{"line":25,"column":0},"end":{"line":25,"column":64}},"25":{"start":{"line":26,"column":0},"end":{"line":26,"column":4}},"27":{"start":{"line":28,"column":0},"end":{"line":28,"column":52}},"29":{"start":{"line":30,"column":0},"end":{"line":30,"column":21}},"30":{"start":{"line":31,"column":0},"end":{"line":31,"column":22}},"31":{"start":{"line":32,"column":0},"end":{"line":32,"column":3}},"33":{"start":{"line":34,"column":0},"end":{"line":34,"column":25}},"34":{"start":{"line":35,"column":0},"end":{"line":35,"column":55}},"35":{"start":{"line":36,"column":0},"end":{"line":36,"column":59}},"36":{"start":{"line":37,"column":0},"end":{"line":37,"column":55}},"37":{"start":{"line":38,"column":0},"end":{"line":38,"column":5}},"38":{"start":{"line":39,"column":0},"end":{"line":39,"column":26}},"39":{"start":{"line":40,"column":0},"end":{"line":40,"column":37}},"40":{"start":{"line":41,"column":0},"end":{"line":41,"column":12}},"41":{"start":{"line":42,"column":0},"end":{"line":42,"column":6}},"42":{"start":{"line":43,"column":0},"end":{"line":43,"column":65}},"43":{"start":{"line":44,"column":0},"end":{"line":44,"column":65}},"44":{"start":{"line":45,"column":0},"end":{"line":45,"column":59}},"45":{"start":{"line":46,"column":0},"end":{"line":46,"column":4}},"47":{"start":{"line":48,"column":0},"end":{"line":48,"column":10}},"48":{"start":{"line":49,"column":0},"end":{"line":49,"column":36}},"49":{"start":{"line":50,"column":0},"end":{"line":50,"column":19}},"50":{"start":{"line":51,"column":0},"end":{"line":51,"column":41}},"51":{"start":{"line":52,"column":0},"end":{"line":52,"column":40}},"52":{"start":{"line":53,"column":0},"end":{"line":53,"column":31}},"53":{"start":{"line":54,"column":0},"end":{"line":54,"column":58}},"54":{"start":{"line":55,"column":0},"end":{"line":55,"column":34}},"55":{"start":{"line":56,"column":0},"end":{"line":56,"column":19}},"56":{"start":{"line":57,"column":0},"end":{"line":57,"column":39}},"57":{"start":{"line":58,"column":0},"end":{"line":58,"column":16}},"58":{"start":{"line":59,"column":0},"end":{"line":59,"column":11}},"59":{"start":{"line":60,"column":0},"end":{"line":60,"column":52}},"60":{"start":{"line":61,"column":0},"end":{"line":61,"column":12}},"61":{"start":{"line":62,"column":0},"end":{"line":62,"column":10}},"63":{"start":{"line":64,"column":0},"end":{"line":64,"column":1}},"65":{"start":{"line":66,"column":0},"end":{"line":66,"column":26}}},"s":{"0":1,"1":1,"2":1,"3":1,"4":1,"6":5,"7":5,"8":5,"9":5,"10":5,"12":5,"13":3,"14":3,"15":0,"16":3,"17":0,"18":3,"19":3,"20":5,"22":5,"23":0,"24":0,"25":0,"27":5,"29":0,"30":0,"31":0,"33":0,"34":0,"35":0,"36":0,"37":0,"38":0,"39":0,"40":0,"41":0,"42":0,"43":0,"44":0,"45":0,"47":0,"48":0,"49":0,"50":0,"51":0,"52":0,"53":0,"54":0,"55":0,"56":0,"57":0,"58":0,"59":0,"60":0,"61":0,"63":0,"65":1},"branchMap":{"0":{"type":"branch","line":7,"loc":{"start":{"line":7,"column":0},"end":{"line":64,"column":1}},"locations":[{"start":{"line":7,"column":0},"end":{"line":64,"column":1}}]},"1":{"type":"branch","line":28,"loc":{"start":{"line":28,"column":7},"end":{"line":28,"column":39}},"locations":[{"start":{"line":28,"column":7},"end":{"line":28,"column":39}}]},"2":{"type":"branch","line":28,"loc":{"start":{"line":28,"column":48},"end":{"line":64,"column":1}},"locations":[{"start":{"line":28,"column":48},"end":{"line":64,"column":1}}]},"3":{"type":"branch","line":13,"loc":{"start":{"line":13,"column":12},"end":{"line":21,"column":5}},"locations":[{"start":{"line":13,"column":12},"end":{"line":21,"column":5}}]},"4":{"type":"branch","line":14,"loc":{"start":{"line":14,"column":23},"end":{"line":19,"column":6}},"locations":[{"start":{"line":14,"column":23},"end":{"line":19,"column":6}}]},"5":{"type":"branch","line":15,"loc":{"start":{"line":15,"column":21},"end":{"line":17,"column":63}},"locations":[{"start":{"line":15,"column":21},"end":{"line":17,"column":63}}]},"6":{"type":"branch","line":17,"loc":{"start":{"line":17,"column":64},"end":{"line":18,"column":42}},"locations":[{"start":{"line":17,"column":64},"end":{"line":18,"column":42}}]}},"b":{"0":[5],"1":[0],"2":[0],"3":[3],"4":[3],"5":[0],"6":[0]},"fnMap":{"0":{"name":"PeopleCard","decl":{"start":{"line":7,"column":0},"end":{"line":64,"column":1}},"loc":{"start":{"line":7,"column":0},"end":{"line":64,"column":1}},"line":7},"1":{"name":"loadPerson","decl":{"start":{"line":14,"column":23},"end":{"line":19,"column":6}},"loc":{"start":{"line":14,"column":23},"end":{"line":19,"column":6}},"line":14},"2":{"name":"handleClose","decl":{"start":{"line":23,"column":22},"end":{"line":26,"column":4}},"loc":{"start":{"line":23,"column":22},"end":{"line":26,"column":4}},"line":23}},"f":{"0":5,"1":3,"2":0}}
,"C:\\Users\\Sergei\\Desktop\\react-rs-3\\rs-school-react\\src\\components\\people-item\\PeopleItem.tsx": {"path":"C:\\Users\\Sergei\\Desktop\\react-rs-3\\rs-school-react\\src\\components\\people-item\\PeopleItem.tsx","all":false,"statementMap":{"0":{"start":{"line":1,"column":0},"end":{"line":1,"column":45}},"8":{"start":{"line":9,"column":0},"end":{"line":9,"column":52}},"9":{"start":{"line":10,"column":0},"end":{"line":10,"column":10}},"10":{"start":{"line":11,"column":0},"end":{"line":11,"column":35}},"11":{"start":{"line":12,"column":0},"end":{"line":12,"column":11}},"12":{"start":{"line":13,"column":0},"end":{"line":13,"column":63}},"13":{"start":{"line":14,"column":0},"end":{"line":14,"column":27}},"14":{"start":{"line":15,"column":0},"end":{"line":15,"column":12}},"15":{"start":{"line":16,"column":0},"end":{"line":16,"column":11}},"16":{"start":{"line":17,"column":0},"end":{"line":17,"column":65}},"17":{"start":{"line":18,"column":0},"end":{"line":18,"column":29}},"18":{"start":{"line":19,"column":0},"end":{"line":19,"column":12}},"19":{"start":{"line":20,"column":0},"end":{"line":20,"column":11}},"20":{"start":{"line":21,"column":0},"end":{"line":21,"column":63}},"21":{"start":{"line":22,"column":0},"end":{"line":22,"column":27}},"22":{"start":{"line":23,"column":0},"end":{"line":23,"column":12}},"23":{"start":{"line":24,"column":0},"end":{"line":24,"column":10}},"25":{"start":{"line":26,"column":0},"end":{"line":26,"column":1}},"27":{"start":{"line":28,"column":0},"end":{"line":28,"column":26}}},"s":{"0":1,"8":6,"9":6,"10":6,"11":6,"12":6,"13":6,"14":6,"15":6,"16":6,"17":6,"18":6,"19":6,"20":6,"21":6,"22":6,"23":6,"25":6,"27":1},"branchMap":{"0":{"type":"branch","line":9,"loc":{"start":{"line":9,"column":0},"end":{"line":26,"column":1}},"locations":[{"start":{"line":9,"column":0},"end":{"line":26,"column":1}}]}},"b":{"0":[6]},"fnMap":{"0":{"name":"PeopleItem","decl":{"start":{"line":9,"column":0},"end":{"line":26,"column":1}},"loc":{"start":{"line":9,"column":0},"end":{"line":26,"column":1}},"line":9}},"f":{"0":6}}
,"C:\\Users\\Sergei\\Desktop\\react-rs-3\\rs-school-react\\src\\components\\people-list\\PeopleList.tsx": {"path":"C:\\Users\\Sergei\\Desktop\\react-rs-3\\rs-school-react\\src\\components\\people-list\\PeopleList.tsx","all":false,"statementMap":{"0":{"start":{"line":1,"column":0},"end":{"line":1,"column":56}},"1":{"start":{"line":2,"column":0},"end":{"line":2,"column":39}},"2":{"start":{"line":3,"column":0},"end":{"line":3,"column":55}},"3":{"start":{"line":4,"column":0},"end":{"line":4,"column":45}},"4":{"start":{"line":5,"column":0},"end":{"line":5,"column":42}},"11":{"start":{"line":12,"column":0},"end":{"line":12,"column":33}},"12":{"start":{"line":13,"column":0},"end":{"line":13,"column":54}},"13":{"start":{"line":14,"column":0},"end":{"line":14,"column":60}},"19":{"start":{"line":20,"column":0},"end":{"line":20,"column":39}},"20":{"start":{"line":21,"column":0},"end":{"line":21,"column":69}},"21":{"start":{"line":22,"column":0},"end":{"line":22,"column":46}},"22":{"start":{"line":23,"column":0},"end":{"line":23,"column":52}},"23":{"start":{"line":24,"column":0},"end":{"line":24,"column":50}},"24":{"start":{"line":25,"column":0},"end":{"line":25,"column":33}},"25":{"start":{"line":26,"column":0},"end":{"line":26,"column":33}},"27":{"start":{"line":28,"column":0},"end":{"line":28,"column":19}},"28":{"start":{"line":29,"column":0},"end":{"line":29,"column":36}},"29":{"start":{"line":30,"column":0},"end":{"line":30,"column":22}},"30":{"start":{"line":31,"column":0},"end":{"line":31,"column":69}},"31":{"start":{"line":32,"column":0},"end":{"line":32,"column":45}},"32":{"start":{"line":33,"column":0},"end":{"line":33,"column":28}},"33":{"start":{"line":34,"column":0},"end":{"line":34,"column":26}},"34":{"start":{"line":35,"column":0},"end":{"line":35,"column":15}},"35":{"start":{"line":36,"column":0},"end":{"line":36,"column":7}},"36":{"start":{"line":37,"column":0},"end":{"line":37,"column":36}},"37":{"start":{"line":38,"column":0},"end":{"line":38,"column":40}},"38":{"start":{"line":39,"column":0},"end":{"line":39,"column":23}},"39":{"start":{"line":40,"column":0},"end":{"line":40,"column":6}},"40":{"start":{"line":41,"column":0},"end":{"line":41,"column":17}},"41":{"start":{"line":42,"column":0},"end":{"line":42,"column":37}},"43":{"start":{"line":44,"column":0},"end":{"line":44,"column":19}},"44":{"start":{"line":45,"column":0},"end":{"line":45,"column":55}},"45":{"start":{"line":46,"column":0},"end":{"line":46,"column":60}},"46":{"start":{"line":47,"column":0},"end":{"line":47,"column":49}},"47":{"start":{"line":48,"column":0},"end":{"line":48,"column":51}},"48":{"start":{"line":49,"column":0},"end":{"line":49,"column":5}},"49":{"start":{"line":50,"column":0},"end":{"line":50,"column":25}},"50":{"start":{"line":51,"column":0},"end":{"line":51,"column":34}},"52":{"start":{"line":53,"column":0},"end":{"line":53,"column":46}},"53":{"start":{"line":54,"column":0},"end":{"line":54,"column":25}},"54":{"start":{"line":55,"column":0},"end":{"line":55,"column":4}},"56":{"start":{"line":57,"column":0},"end":{"line":57,"column":80}},"57":{"start":{"line":58,"column":0},"end":{"line":58,"column":28}},"58":{"start":{"line":59,"column":0},"end":{"line":59,"column":35}},"59":{"start":{"line":60,"column":0},"end":{"line":60,"column":43}},"60":{"start":{"line":61,"column":0},"end":{"line":61,"column":62}},"61":{"start":{"line":62,"column":0},"end":{"line":62,"column":39}},"62":{"start":{"line":63,"column":0},"end":{"line":63,"column":64}},"63":{"start":{"line":64,"column":0},"end":{"line":64,"column":4}},"65":{"start":{"line":66,"column":0},"end":{"line":66,"column":15}},"66":{"start":{"line":67,"column":0},"end":{"line":67,"column":22}},"67":{"start":{"line":68,"column":0},"end":{"line":68,"column":3}},"69":{"start":{"line":70,"column":0},"end":{"line":70,"column":69}},"70":{"start":{"line":71,"column":0},"end":{"line":71,"column":30}},"71":{"start":{"line":72,"column":0},"end":{"line":72,"column":3}},"73":{"start":{"line":74,"column":0},"end":{"line":74,"column":10}},"74":{"start":{"line":75,"column":0},"end":{"line":75,"column":6}},"75":{"start":{"line":76,"column":0},"end":{"line":76,"column":30}},"76":{"start":{"line":77,"column":0},"end":{"line":77,"column":40}},"77":{"start":{"line":78,"column":0},"end":{"line":78,"column":68}},"78":{"start":{"line":79,"column":0},"end":{"line":79,"column":18}},"79":{"start":{"line":80,"column":0},"end":{"line":80,"column":15}},"80":{"start":{"line":81,"column":0},"end":{"line":81,"column":64}},"81":{"start":{"line":82,"column":0},"end":{"line":82,"column":39}},"82":{"start":{"line":83,"column":0},"end":{"line":83,"column":23}},"84":{"start":{"line":85,"column":0},"end":{"line":85,"column":19}},"85":{"start":{"line":86,"column":0},"end":{"line":86,"column":25}},"86":{"start":{"line":87,"column":0},"end":{"line":87,"column":33}},"87":{"start":{"line":88,"column":0},"end":{"line":88,"column":37}},"88":{"start":{"line":89,"column":0},"end":{"line":89,"column":33}},"89":{"start":{"line":90,"column":0},"end":{"line":90,"column":16}},"90":{"start":{"line":91,"column":0},"end":{"line":91,"column":17}},"92":{"start":{"line":93,"column":0},"end":{"line":93,"column":11}},"93":{"start":{"line":94,"column":0},"end":{"line":94,"column":11}},"94":{"start":{"line":95,"column":0},"end":{"line":95,"column":17}},"95":{"start":{"line":96,"column":0},"end":{"line":96,"column":31}},"96":{"start":{"line":97,"column":0},"end":{"line":97,"column":37}},"97":{"start":{"line":98,"column":0},"end":{"line":98,"column":33}},"98":{"start":{"line":99,"column":0},"end":{"line":99,"column":39}},"99":{"start":{"line":100,"column":0},"end":{"line":100,"column":8}},"100":{"start":{"line":101,"column":0},"end":{"line":101,"column":7}},"102":{"start":{"line":103,"column":0},"end":{"line":103,"column":1}},"104":{"start":{"line":105,"column":0},"end":{"line":105,"column":26}}},"s":{"0":1,"1":1,"2":1,"3":1,"4":1,"11":1,"12":1,"13":1,"19":25,"20":25,"21":25,"22":25,"23":25,"24":25,"25":25,"27":25,"28":8,"29":8,"30":8,"31":5,"32":0,"33":0,"34":0,"35":0,"36":4,"37":4,"38":4,"39":8,"40":8,"41":25,"43":25,"44":11,"45":11,"46":11,"47":8,"48":8,"49":11,"50":25,"52":25,"53":1,"54":1,"56":25,"57":0,"58":0,"59":0,"60":0,"61":0,"62":0,"63":0,"65":25,"66":11,"67":11,"69":25,"70":10,"71":10,"73":3,"74":3,"75":3,"76":3,"77":3,"78":3,"79":3,"80":3,"81":3,"82":3,"84":3,"85":3,"86":3,"87":3,"88":3,"89":3,"90":3,"92":3,"93":3,"94":3,"95":3,"96":3,"97":3,"98":3,"99":3,"100":3,"102":3,"104":1},"branchMap":{"0":{"type":"branch","line":20,"loc":{"start":{"line":20,"column":0},"end":{"line":103,"column":1}},"locations":[{"start":{"line":20,"column":0},"end":{"line":103,"column":1}}]},"1":{"type":"branch","line":66,"loc":{"start":{"line":66,"column":14},"end":{"line":68,"column":3}},"locations":[{"start":{"line":66,"column":14},"end":{"line":68,"column":3}}]},"2":{"type":"branch","line":68,"loc":{"start":{"line":68,"column":2},"end":{"line":70,"column":68}},"locations":[{"start":{"line":68,"column":2},"end":{"line":70,"column":68}}]},"3":{"type":"branch","line":70,"loc":{"start":{"line":70,"column":68},"end":{"line":72,"column":3}},"locations":[{"start":{"line":70,"column":68},"end":{"line":72,"column":3}}]},"4":{"type":"branch","line":72,"loc":{"start":{"line":72,"column":2},"end":{"line":103,"column":1}},"locations":[{"start":{"line":72,"column":2},"end":{"line":103,"column":1}}]},"5":{"type":"branch","line":28,"loc":{"start":{"line":28,"column":12},"end":{"line":42,"column":5}},"locations":[{"start":{"line":28,"column":12},"end":{"line":42,"column":5}}]},"6":{"type":"branch","line":29,"loc":{"start":{"line":29,"column":23},"end":{"line":40,"column":6}},"locations":[{"start":{"line":29,"column":23},"end":{"line":40,"column":6}}]},"7":{"type":"branch","line":31,"loc":{"start":{"line":31,"column":67},"end":{"line":39,"column":23}},"locations":[{"start":{"line":31,"column":67},"end":{"line":39,"column":23}}]},"8":{"type":"branch","line":32,"loc":{"start":{"line":32,"column":44},"end":{"line":36,"column":7}},"locations":[{"start":{"line":32,"column":44},"end":{"line":36,"column":7}}]},"9":{"type":"branch","line":36,"loc":{"start":{"line":36,"column":6},"end":{"line":39,"column":23}},"locations":[{"start":{"line":36,"column":6},"end":{"line":39,"column":23}}]},"10":{"type":"branch","line":44,"loc":{"start":{"line":44,"column":12},"end":{"line":51,"column":5}},"locations":[{"start":{"line":44,"column":12},"end":{"line":51,"column":5}}]},"11":{"type":"branch","line":46,"loc":{"start":{"line":46,"column":46},"end":{"line":46,"column":56}},"locations":[{"start":{"line":46,"column":46},"end":{"line":46,"column":56}}]},"12":{"type":"branch","line":47,"loc":{"start":{"line":47,"column":48},"end":{"line":49,"column":5}},"locations":[{"start":{"line":47,"column":48},"end":{"line":49,"column":5}}]},"13":{"type":"branch","line":53,"loc":{"start":{"line":53,"column":27},"end":{"line":55,"column":4}},"locations":[{"start":{"line":53,"column":27},"end":{"line":55,"column":4}}]},"14":{"type":"branch","line":78,"loc":{"start":{"line":78,"column":34},"end":{"line":93,"column":9}},"locations":[{"start":{"line":78,"column":34},"end":{"line":93,"column":9}}]},"15":{"type":"branch","line":87,"loc":{"start":{"line":87,"column":22},"end":{"line":87,"column":33}},"locations":[{"start":{"line":87,"column":22},"end":{"line":87,"column":33}}]},"16":{"type":"branch","line":88,"loc":{"start":{"line":88,"column":24},"end":{"line":88,"column":37}},"locations":[{"start":{"line":88,"column":24},"end":{"line":88,"column":37}}]},"17":{"type":"branch","line":89,"loc":{"start":{"line":89,"column":22},"end":{"line":89,"column":33}},"locations":[{"start":{"line":89,"column":22},"end":{"line":89,"column":33}}]}},"b":{"0":[25],"1":[11],"2":[13],"3":[10],"4":[3],"5":[8],"6":[8],"7":[5],"8":[0],"9":[4],"10":[11],"11":[8],"12":[8],"13":[1],"14":[3],"15":[0],"16":[0],"17":[0]},"fnMap":{"0":{"name":"PeopleList","decl":{"start":{"line":20,"column":0},"end":{"line":103,"column":1}},"loc":{"start":{"line":20,"column":0},"end":{"line":103,"column":1}},"line":20},"1":{"name":"loadPeople","decl":{"start":{"line":29,"column":23},"end":{"line":40,"column":6}},"loc":{"start":{"line":29,"column":23},"end":{"line":40,"column":6}},"line":29},"2":{"name":"handlePageChange","decl":{"start":{"line":53,"column":27},"end":{"line":55,"column":4}},"loc":{"start":{"line":53,"column":27},"end":{"line":55,"column":4}},"line":53},"3":{"name":"handlePersonClick","decl":{"start":{"line":57,"column":28},"end":{"line":64,"column":4}},"loc":{"start":{"line":57,"column":28},"end":{"line":64,"column":4}},"line":57},"4":{"name":"onClick","decl":{"start":{"line":81,"column":23},"end":{"line":81,"column":64}},"loc":{"start":{"line":81,"column":23},"end":{"line":81,"column":64}},"line":81}},"f":{"0":25,"1":8,"2":1,"3":0,"4":0}}
,"C:\\Users\\Sergei\\Desktop\\react-rs-3\\rs-school-react\\src\\components\\search\\Search.tsx": {"path":"C:\\Users\\Sergei\\Desktop\\react-rs-3\\rs-school-react\\src\\components\\search\\Search.tsx","all":false,"statementMap":{"0":{"start":{"line":1,"column":0},"end":{"line":1,"column":34}},"1":{"start":{"line":2,"column":0},"end":{"line":2,"column":41}},"2":{"start":{"line":3,"column":0},"end":{"line":3,"column":59}},"3":{"start":{"line":4,"column":0},"end":{"line":4,"column":64}},"9":{"start":{"line":10,"column":0},"end":{"line":10,"column":38}},"10":{"start":{"line":11,"column":0},"end":{"line":11,"column":53}},"12":{"start":{"line":13,"column":0},"end":{"line":13,"column":72}},"13":{"start":{"line":14,"column":0},"end":{"line":14,"column":37}},"14":{"start":{"line":15,"column":0},"end":{"line":15,"column":4}},"16":{"start":{"line":17,"column":0},"end":{"line":17,"column":63}},"17":{"start":{"line":18,"column":0},"end":{"line":18,"column":27}},"18":{"start":{"line":19,"column":0},"end":{"line":19,"column":24}},"19":{"start":{"line":20,"column":0},"end":{"line":20,"column":4}},"21":{"start":{"line":22,"column":0},"end":{"line":22,"column":10}},"22":{"start":{"line":23,"column":0},"end":{"line":23,"column":64}},"23":{"start":{"line":24,"column":0},"end":{"line":24,"column":12}},"24":{"start":{"line":25,"column":0},"end":{"line":25,"column":44}},"25":{"start":{"line":26,"column":0},"end":{"line":26,"column":19}},"26":{"start":{"line":27,"column":0},"end":{"line":27,"column":25}},"27":{"start":{"line":28,"column":0},"end":{"line":28,"column":31}},"28":{"start":{"line":29,"column":0},"end":{"line":29,"column":45}},"29":{"start":{"line":30,"column":0},"end":{"line":30,"column":8}},"30":{"start":{"line":31,"column":0},"end":{"line":31,"column":66}},"32":{"start":{"line":33,"column":0},"end":{"line":33,"column":15}},"33":{"start":{"line":34,"column":0},"end":{"line":34,"column":23}},"34":{"start":{"line":35,"column":0},"end":{"line":35,"column":11}},"36":{"start":{"line":37,"column":0},"end":{"line":37,"column":1}},"38":{"start":{"line":39,"column":0},"end":{"line":39,"column":22}}},"s":{"0":1,"1":1,"2":1,"3":1,"9":6,"10":6,"12":6,"13":0,"14":0,"16":6,"17":0,"18":0,"19":0,"21":6,"22":6,"23":6,"24":6,"25":6,"26":6,"27":6,"28":6,"29":6,"30":6,"32":6,"33":6,"34":6,"36":6,"38":1},"branchMap":{"0":{"type":"branch","line":10,"loc":{"start":{"line":10,"column":0},"end":{"line":37,"column":1}},"locations":[{"start":{"line":10,"column":0},"end":{"line":37,"column":1}}]}},"b":{"0":[6]},"fnMap":{"0":{"name":"Search","decl":{"start":{"line":10,"column":0},"end":{"line":37,"column":1}},"loc":{"start":{"line":10,"column":0},"end":{"line":37,"column":1}},"line":10},"1":{"name":"handleChange","decl":{"start":{"line":13,"column":23},"end":{"line":15,"column":4}},"loc":{"start":{"line":13,"column":23},"end":{"line":15,"column":4}},"line":13},"2":{"name":"handleSubmit","decl":{"start":{"line":17,"column":23},"end":{"line":20,"column":4}},"loc":{"start":{"line":17,"column":23},"end":{"line":20,"column":4}},"line":17}},"f":{"0":6,"1":0,"2":0}}
,"C:\\Users\\Sergei\\Desktop\\react-rs-3\\rs-school-react\\src\\components\\title\\Title.tsx": {"path":"C:\\Users\\Sergei\\Desktop\\react-rs-3\\rs-school-react\\src\\components\\title\\Title.tsx","all":false,"statementMap":{"0":{"start":{"line":1,"column":0},"end":{"line":1,"column":21}},"4":{"start":{"line":5,"column":0},"end":{"line":5,"column":38}},"5":{"start":{"line":6,"column":0},"end":{"line":6,"column":26}},"6":{"start":{"line":7,"column":0},"end":{"line":7,"column":1}},"8":{"start":{"line":9,"column":0},"end":{"line":9,"column":21}}},"s":{"0":1,"4":3,"5":3,"6":3,"8":1},"branchMap":{"0":{"type":"branch","line":5,"loc":{"start":{"line":5,"column":0},"end":{"line":7,"column":1}},"locations":[{"start":{"line":5,"column":0},"end":{"line":7,"column":1}}]}},"b":{"0":[3]},"fnMap":{"0":{"name":"Title","decl":{"start":{"line":5,"column":0},"end":{"line":7,"column":1}},"loc":{"start":{"line":5,"column":0},"end":{"line":7,"column":1}},"line":5}},"f":{"0":3}}
,"C:\\Users\\Sergei\\Desktop\\react-rs-3\\rs-school-react\\src\\hooks\\useSearchQuery.ts": {"path":"C:\\Users\\Sergei\\Desktop\\react-rs-3\\rs-school-react\\src\\hooks\\useSearchQuery.ts","all":false,"statementMap":{"0":{"start":{"line":1,"column":0},"end":{"line":1,"column":52}},"1":{"start":{"line":2,"column":0},"end":{"line":2,"column":60}},"3":{"start":{"line":4,"column":0},"end":{"line":4,"column":43}},"6":{"start":{"line":7,"column":0},"end":{"line":7,"column":3}},"7":{"start":{"line":8,"column":0},"end":{"line":8,"column":63}},"8":{"start":{"line":9,"column":0},"end":{"line":9,"column":33}},"10":{"start":{"line":11,"column":0},"end":{"line":11,"column":19}},"11":{"start":{"line":12,"column":0},"end":{"line":12,"column":29}},"12":{"start":{"line":13,"column":0},"end":{"line":13,"column":14}},"14":{"start":{"line":15,"column":0},"end":{"line":15,"column":19}},"15":{"start":{"line":16,"column":0},"end":{"line":16,"column":18}},"16":{"start":{"line":17,"column":0},"end":{"line":17,"column":48}},"17":{"start":{"line":18,"column":0},"end":{"line":18,"column":6}},"18":{"start":{"line":19,"column":0},"end":{"line":19,"column":5}},"20":{"start":{"line":21,"column":0},"end":{"line":21,"column":27}},"21":{"start":{"line":22,"column":0},"end":{"line":22,"column":1}}},"s":{"0":1,"1":1,"3":6,"6":6,"7":6,"8":6,"10":6,"11":3,"12":6,"14":6,"15":6,"16":6,"17":6,"18":6,"20":6,"21":6},"branchMap":{"0":{"type":"branch","line":4,"loc":{"start":{"line":4,"column":0},"end":{"line":22,"column":1}},"locations":[{"start":{"line":4,"column":0},"end":{"line":22,"column":1}}]},"1":{"type":"branch","line":11,"loc":{"start":{"line":11,"column":12},"end":{"line":13,"column":5}},"locations":[{"start":{"line":11,"column":12},"end":{"line":13,"column":5}}]},"2":{"type":"branch","line":15,"loc":{"start":{"line":15,"column":12},"end":{"line":19,"column":3}},"locations":[{"start":{"line":15,"column":12},"end":{"line":19,"column":3}}]},"3":{"type":"branch","line":16,"loc":{"start":{"line":16,"column":11},"end":{"line":18,"column":6}},"locations":[{"start":{"line":16,"column":11},"end":{"line":18,"column":6}}]}},"b":{"0":[6],"1":[3],"2":[6],"3":[6]},"fnMap":{"0":{"name":"useSearchQuery","decl":{"start":{"line":4,"column":0},"end":{"line":22,"column":1}},"loc":{"start":{"line":4,"column":0},"end":{"line":22,"column":1}},"line":4}},"f":{"0":6}}
,"C:\\Users\\Sergei\\Desktop\\react-rs-3\\rs-school-react\\src\\pages\\404\\NotFoundPage.tsx": {"path":"C:\\Users\\Sergei\\Desktop\\react-rs-3\\rs-school-react\\src\\pages\\404\\NotFoundPage.tsx","all":false,"statementMap":{"0":{"start":{"line":1,"column":0},"end":{"line":1,"column":40}},"1":{"start":{"line":2,"column":0},"end":{"line":2,"column":49}},"2":{"start":{"line":3,"column":0},"end":{"line":3,"column":47}},"4":{"start":{"line":5,"column":0},"end":{"line":5,"column":25}},"5":{"start":{"line":6,"column":0},"end":{"line":6,"column":10}},"6":{"start":{"line":7,"column":0},"end":{"line":7,"column":6}},"7":{"start":{"line":8,"column":0},"end":{"line":8,"column":24}},"8":{"start":{"line":9,"column":0},"end":{"line":9,"column":56}},"10":{"start":{"line":11,"column":0},"end":{"line":11,"column":13}},"11":{"start":{"line":12,"column":0},"end":{"line":12,"column":7}},"13":{"start":{"line":14,"column":0},"end":{"line":14,"column":1}},"15":{"start":{"line":16,"column":0},"end":{"line":16,"column":28}}},"s":{"0":1,"1":1,"2":1,"4":3,"5":3,"6":3,"7":3,"8":3,"10":3,"11":3,"13":3,"15":1},"branchMap":{"0":{"type":"branch","line":5,"loc":{"start":{"line":5,"column":0},"end":{"line":14,"column":1}},"locations":[{"start":{"line":5,"column":0},"end":{"line":14,"column":1}}]}},"b":{"0":[3]},"fnMap":{"0":{"name":"NotFoundPage","decl":{"start":{"line":5,"column":0},"end":{"line":14,"column":1}},"loc":{"start":{"line":5,"column":0},"end":{"line":14,"column":1}},"line":5}},"f":{"0":3}}
,"C:\\Users\\Sergei\\Desktop\\react-rs-3\\rs-school-react\\src\\pages\\main-page\\MainPage.tsx": {"path":"C:\\Users\\Sergei\\Desktop\\react-rs-3\\rs-school-react\\src\\pages\\main-page\\MainPage.tsx","all":false,"statementMap":{"0":{"start":{"line":1,"column":0},"end":{"line":1,"column":33}},"1":{"start":{"line":2,"column":0},"end":{"line":2,"column":65}},"2":{"start":{"line":3,"column":0},"end":{"line":3,"column":56}},"3":{"start":{"line":4,"column":0},"end":{"line":4,"column":63}},"4":{"start":{"line":5,"column":0},"end":{"line":5,"column":55}},"5":{"start":{"line":6,"column":0},"end":{"line":6,"column":43}},"6":{"start":{"line":7,"column":0},"end":{"line":7,"column":49}},"7":{"start":{"line":8,"column":0},"end":{"line":8,"column":55}},"9":{"start":{"line":10,"column":0},"end":{"line":10,"column":21}},"10":{"start":{"line":11,"column":0},"end":{"line":11,"column":75}},"11":{"start":{"line":12,"column":0},"end":{"line":12,"column":33}},"13":{"start":{"line":14,"column":0},"end":{"line":14,"column":51}},"14":{"start":{"line":15,"column":0},"end":{"line":15,"column":32}},"15":{"start":{"line":16,"column":0},"end":{"line":16,"column":4}},"17":{"start":{"line":18,"column":0},"end":{"line":18,"column":29}},"18":{"start":{"line":19,"column":0},"end":{"line":19,"column":62}},"19":{"start":{"line":20,"column":0},"end":{"line":20,"column":38}},"20":{"start":{"line":21,"column":0},"end":{"line":21,"column":61}},"21":{"start":{"line":22,"column":0},"end":{"line":22,"column":4}},"23":{"start":{"line":24,"column":0},"end":{"line":24,"column":10}},"24":{"start":{"line":25,"column":0},"end":{"line":25,"column":37}},"25":{"start":{"line":26,"column":0},"end":{"line":26,"column":36}},"26":{"start":{"line":27,"column":0},"end":{"line":27,"column":47}},"27":{"start":{"line":28,"column":0},"end":{"line":28,"column":64}},"28":{"start":{"line":29,"column":0},"end":{"line":29,"column":44}},"29":{"start":{"line":30,"column":0},"end":{"line":30,"column":14}},"30":{"start":{"line":31,"column":0},"end":{"line":31,"column":43}},"31":{"start":{"line":32,"column":0},"end":{"line":32,"column":20}},"32":{"start":{"line":33,"column":0},"end":{"line":33,"column":14}},"33":{"start":{"line":34,"column":0},"end":{"line":34,"column":16}},"34":{"start":{"line":35,"column":0},"end":{"line":35,"column":10}},"36":{"start":{"line":37,"column":0},"end":{"line":37,"column":1}},"38":{"start":{"line":39,"column":0},"end":{"line":39,"column":24}}},"s":{"0":1,"1":1,"2":1,"3":1,"4":1,"5":1,"6":1,"7":1,"9":6,"10":6,"11":6,"13":6,"14":0,"15":0,"17":6,"18":0,"19":0,"20":0,"21":0,"23":6,"24":6,"25":6,"26":6,"27":6,"28":6,"29":6,"30":6,"31":6,"32":6,"33":6,"34":6,"36":6,"38":1},"branchMap":{"0":{"type":"branch","line":10,"loc":{"start":{"line":10,"column":0},"end":{"line":37,"column":1}},"locations":[{"start":{"line":10,"column":0},"end":{"line":37,"column":1}}]}},"b":{"0":[6]},"fnMap":{"0":{"name":"MainPage","decl":{"start":{"line":10,"column":0},"end":{"line":37,"column":1}},"loc":{"start":{"line":10,"column":0},"end":{"line":37,"column":1}},"line":10},"1":{"name":"onSearch","decl":{"start":{"line":14,"column":19},"end":{"line":16,"column":4}},"loc":{"start":{"line":14,"column":19},"end":{"line":16,"column":4}},"line":14},"2":{"name":"handleClose","decl":{"start":{"line":18,"column":22},"end":{"line":22,"column":4}},"loc":{"start":{"line":18,"column":22},"end":{"line":22,"column":4}},"line":18}},"f":{"0":6,"1":0,"2":0}}
,"C:\\Users\\Sergei\\Desktop\\react-rs-3\\rs-school-react\\src\\services\\Swapi.ts": {"path":"C:\\Users\\Sergei\\Desktop\\react-rs-3\\rs-school-react\\src\\services\\Swapi.ts","all":false,"statementMap":{"0":{"start":{"line":1,"column":0},"end":{"line":1,"column":50}},"1":{"start":{"line":2,"column":0},"end":{"line":2,"column":31}},"2":{"start":{"line":3,"column":0},"end":{"line":3,"column":33}},"3":{"start":{"line":4,"column":0},"end":{"line":4,"column":37}},"4":{"start":{"line":5,"column":0},"end":{"line":5,"column":33}},"20":{"start":{"line":21,"column":0},"end":{"line":21,"column":47}},"21":{"start":{"line":22,"column":0},"end":{"line":22,"column":14}},"22":{"start":{"line":23,"column":0},"end":{"line":23,"column":11}},"23":{"start":{"line":24,"column":0},"end":{"line":24,"column":13}},"24":{"start":{"line":25,"column":0},"end":{"line":25,"column":17}},"25":{"start":{"line":26,"column":0},"end":{"line":26,"column":2}},"35":{"start":{"line":36,"column":0},"end":{"line":36,"column":35}},"36":{"start":{"line":37,"column":0},"end":{"line":37,"column":11}},"37":{"start":{"line":38,"column":0},"end":{"line":38,"column":13}},"38":{"start":{"line":39,"column":0},"end":{"line":39,"column":11}},"39":{"start":{"line":40,"column":0},"end":{"line":40,"column":10}},"40":{"start":{"line":41,"column":0},"end":{"line":41,"column":17}},"41":{"start":{"line":42,"column":0},"end":{"line":42,"column":17}},"42":{"start":{"line":43,"column":0},"end":{"line":43,"column":16}},"43":{"start":{"line":44,"column":0},"end":{"line":44,"column":17}},"44":{"start":{"line":45,"column":0},"end":{"line":45,"column":13}},"45":{"start":{"line":46,"column":0},"end":{"line":46,"column":2}},"47":{"start":{"line":48,"column":0},"end":{"line":48,"column":20}},"48":{"start":{"line":49,"column":0},"end":{"line":49,"column":55}},"49":{"start":{"line":50,"column":0},"end":{"line":50,"column":9}},"50":{"start":{"line":51,"column":0},"end":{"line":51,"column":35}},"51":{"start":{"line":52,"column":0},"end":{"line":52,"column":69}},"52":{"start":{"line":53,"column":0},"end":{"line":53,"column":8}},"53":{"start":{"line":54,"column":0},"end":{"line":54,"column":57}},"54":{"start":{"line":55,"column":0},"end":{"line":55,"column":20}},"55":{"start":{"line":56,"column":0},"end":{"line":56,"column":30}},"56":{"start":{"line":57,"column":0},"end":{"line":57,"column":25}},"57":{"start":{"line":58,"column":0},"end":{"line":58,"column":30}},"58":{"start":{"line":59,"column":0},"end":{"line":59,"column":5}},"59":{"start":{"line":60,"column":0},"end":{"line":60,"column":3}},"61":{"start":{"line":62,"column":0},"end":{"line":62,"column":38}},"62":{"start":{"line":63,"column":0},"end":{"line":63,"column":9}},"63":{"start":{"line":64,"column":0},"end":{"line":64,"column":56}},"64":{"start":{"line":65,"column":0},"end":{"line":65,"column":51}},"65":{"start":{"line":66,"column":0},"end":{"line":66,"column":20}},"66":{"start":{"line":67,"column":0},"end":{"line":67,"column":30}},"67":{"start":{"line":68,"column":0},"end":{"line":68,"column":25}},"68":{"start":{"line":69,"column":0},"end":{"line":69,"column":24}},"69":{"start":{"line":70,"column":0},"end":{"line":70,"column":5}},"70":{"start":{"line":71,"column":0},"end":{"line":71,"column":3}},"71":{"start":{"line":72,"column":0},"end":{"line":72,"column":1}}},"s":{"0":1,"1":1,"2":1,"3":1,"4":1,"20":1,"21":1,"22":1,"23":1,"24":1,"25":1,"35":1,"36":1,"37":1,"38":1,"39":1,"40":1,"41":1,"42":1,"43":1,"44":1,"45":1,"47":1,"48":1,"49":5,"50":5,"51":5,"52":5,"53":2,"54":1,"55":1,"56":1,"57":1,"58":1,"59":5,"61":1,"62":2,"63":2,"64":2,"65":1,"66":1,"67":1,"68":1,"69":1,"70":2,"71":1},"branchMap":{"0":{"type":"branch","line":49,"loc":{"start":{"line":49,"column":2},"end":{"line":60,"column":3}},"locations":[{"start":{"line":49,"column":2},"end":{"line":60,"column":3}}]},"1":{"type":"branch","line":53,"loc":{"start":{"line":53,"column":6},"end":{"line":59,"column":5}},"locations":[{"start":{"line":53,"column":6},"end":{"line":59,"column":5}}]},"2":{"type":"branch","line":54,"loc":{"start":{"line":54,"column":55},"end":{"line":59,"column":5}},"locations":[{"start":{"line":54,"column":55},"end":{"line":59,"column":5}}]},"3":{"type":"branch","line":62,"loc":{"start":{"line":62,"column":2},"end":{"line":71,"column":3}},"locations":[{"start":{"line":62,"column":2},"end":{"line":71,"column":3}}]},"4":{"type":"branch","line":65,"loc":{"start":{"line":65,"column":49},"end":{"line":70,"column":5}},"locations":[{"start":{"line":65,"column":49},"end":{"line":70,"column":5}}]}},"b":{"0":[5],"1":[2],"2":[1],"3":[2],"4":[1]},"fnMap":{"0":{"name":"getPeople","decl":{"start":{"line":49,"column":2},"end":{"line":60,"column":3}},"loc":{"start":{"line":49,"column":2},"end":{"line":60,"column":3}},"line":49},"1":{"name":"getPerson","decl":{"start":{"line":62,"column":2},"end":{"line":71,"column":3}},"loc":{"start":{"line":62,"column":2},"end":{"line":71,"column":3}},"line":62}},"f":{"0":5,"1":2}}
,"C:\\Users\\Sergei\\Desktop\\react-rs-3\\rs-school-react\\src\\storage\\SearchStorage.ts": {"path":"C:\\Users\\Sergei\\Desktop\\react-rs-3\\rs-school-react\\src\\storage\\SearchStorage.ts","all":false,"statementMap":{"0":{"start":{"line":1,"column":0},"end":{"line":1,"column":28}},"2":{"start":{"line":3,"column":0},"end":{"line":3,"column":28}},"3":{"start":{"line":4,"column":0},"end":{"line":4,"column":29}},"4":{"start":{"line":5,"column":0},"end":{"line":5,"column":50}},"5":{"start":{"line":6,"column":0},"end":{"line":6,"column":3}},"7":{"start":{"line":8,"column":0},"end":{"line":8,"column":35}},"8":{"start":{"line":9,"column":0},"end":{"line":9,"column":54}},"9":{"start":{"line":10,"column":0},"end":{"line":10,"column":3}},"10":{"start":{"line":11,"column":0},"end":{"line":11,"column":1}}},"s":{"0":1,"2":1,"3":1,"4":12,"5":12,"7":1,"8":6,"9":6,"10":1},"branchMap":{"0":{"type":"branch","line":4,"loc":{"start":{"line":4,"column":9},"end":{"line":6,"column":3}},"locations":[{"start":{"line":4,"column":9},"end":{"line":6,"column":3}}]},"1":{"type":"branch","line":8,"loc":{"start":{"line":8,"column":9},"end":{"line":10,"column":3}},"locations":[{"start":{"line":8,"column":9},"end":{"line":10,"column":3}}]}},"b":{"0":[12],"1":[6]},"fnMap":{"0":{"name":"getQuery","decl":{"start":{"line":4,"column":9},"end":{"line":6,"column":3}},"loc":{"start":{"line":4,"column":9},"end":{"line":6,"column":3}},"line":4},"1":{"name":"saveQuery","decl":{"start":{"line":8,"column":9},"end":{"line":10,"column":3}},"loc":{"start":{"line":8,"column":9},"end":{"line":10,"column":3}},"line":8}},"f":{"0":12,"1":6}}
,"C:\\Users\\Sergei\\Desktop\\react-rs-3\\rs-school-react\\src\\utils\\utils.ts": {"path":"C:\\Users\\Sergei\\Desktop\\react-rs-3\\rs-school-react\\src\\utils\\utils.ts","all":false,"statementMap":{"0":{"start":{"line":1,"column":0},"end":{"line":1,"column":23}},"1":{"start":{"line":2,"column":0},"end":{"line":2,"column":13}},"2":{"start":{"line":3,"column":0},"end":{"line":3,"column":17}}},"s":{"0":1,"1":1,"2":1},"branchMap":{"0":{"type":"branch","line":1,"loc":{"start":{"line":1,"column":7},"end":{"line":1,"column":23}},"locations":[{"start":{"line":1,"column":7},"end":{"line":1,"column":23}}]}},"b":{"0":[4]},"fnMap":{},"f":{}}
}
